[INFO] Scanning for projects...
[INFO] 
[INFO] ---------------------< com.example:UsuarioService >---------------------
[INFO] Building UsuarioService 0.0.1-SNAPSHOT
[INFO]   from pom.xml
[INFO] --------------------------------[ jar ]---------------------------------
[INFO] 
[INFO] --- clean:3.4.1:clean (default-clean) @ UsuarioService ---
[INFO] Deleting C:\Users\Carlos\Desktop\FULLSTACK2MICROSERVICIOS\UsuarioService\target
[INFO] 
[INFO] --- resources:3.3.1:resources (default-resources) @ UsuarioService ---
[INFO] Copying 1 resource from src\main\resources to target\classes
[INFO] Copying 1 resource from src\main\resources to target\classes
[INFO] 
[INFO] --- compiler:3.14.1:compile (default-compile) @ UsuarioService ---
[INFO] Recompiling the module because of changed source code.
[INFO] Compiling 26 source files with javac [debug parameters release 21] to target\classes
[WARNING] /C:/Users/Carlos/Desktop/FULLSTACK2MICROSERVICIOS/UsuarioService/src/main/java/com/example/UsuarioService/dto/LoginResponse.java:[16,20] @Builder will ignore the initializing expression entirely. If you want the initializing expression to serve as default, add @Builder.Default. If it is not supposed to be settable during building, make the field final.
[INFO] /C:/Users/Carlos/Desktop/FULLSTACK2MICROSERVICIOS/UsuarioService/src/main/java/com/example/UsuarioService/security/SecurityConfig.java: C:\Users\Carlos\Desktop\FULLSTACK2MICROSERVICIOS\UsuarioService\src\main\java\com\example\UsuarioService\security\SecurityConfig.java uses or overrides a deprecated API.
[INFO] /C:/Users/Carlos/Desktop/FULLSTACK2MICROSERVICIOS/UsuarioService/src/main/java/com/example/UsuarioService/security/SecurityConfig.java: Recompile with -Xlint:deprecation for details.
[INFO] ------------------------------------------------------------------------
[INFO] BUILD SUCCESS
[INFO] ------------------------------------------------------------------------
[INFO] Total time:  3.726 s
[INFO] Finished at: 2025-11-27T18:48:09-03:00
[INFO] ------------------------------------------------------------------------
