[INFO] Scanning for projects...
[INFO] 
[INFO] ---------------------< com.example:UsuarioService >---------------------
[INFO] Building UsuarioService 0.0.1-SNAPSHOT
[INFO]   from pom.xml
[INFO] --------------------------------[ jar ]---------------------------------
[INFO] 
[INFO] >>> spring-boot:3.5.7:run (default-cli) > test-compile @ UsuarioService >>>
[INFO] 
[INFO] --- resources:3.3.1:resources (default-resources) @ UsuarioService ---
[INFO] Copying 1 resource from src\main\resources to target\classes
[INFO] Copying 1 resource from src\main\resources to target\classes
[INFO] 
[INFO] --- compiler:3.14.1:compile (default-compile) @ UsuarioService ---
[INFO] Nothing to compile - all classes are up to date.
[INFO] 
[INFO] --- resources:3.3.1:testResources (default-testResources) @ UsuarioService ---
[INFO] skip non existing resourceDirectory C:\Users\Carlos\Desktop\FULLSTACK2MICROSERVICIOS\UsuarioService\src\test\resources
[INFO] 
[INFO] --- compiler:3.14.1:testCompile (default-testCompile) @ UsuarioService ---
[INFO] Nothing to compile - all classes are up to date.
[INFO] 
[INFO] <<< spring-boot:3.5.7:run (default-cli) < test-compile @ UsuarioService <<<
[INFO] 
[INFO] 
[INFO] --- spring-boot:3.5.7:run (default-cli) @ UsuarioService ---
[INFO] Attaching agents: []

  .   ____          _            __ _ _
 /\\ / ___'_ __ _ _(_)_ __  __ _ \ \ \ \
( ( )\___ | '_ | '_| | '_ \/ _` | \ \ \ \
 \\/  ___)| |_)| | | | | || (_| |  ) ) ) )
  '  |____| .__|_| |_|_| |_\__, | / / / /
 =========|_|==============|___/=/_/_/_/

 :: Spring Boot ::                (v3.5.7)

2025-11-27T20:06:32.995-03:00  INFO 4412 --- [usuario-service] [           main] c.e.U.UsuarioServiceApplication          : Starting UsuarioServiceApplication using Java 21.0.8 with PID 4412 (C:\Users\Carlos\Desktop\FULLSTACK2MICROSERVICIOS\UsuarioService\target\classes started by Carlos in C:\Users\Carlos\Desktop\FULLSTACK2MICROSERVICIOS\UsuarioService)
2025-11-27T20:06:32.997-03:00 DEBUG 4412 --- [usuario-service] [           main] c.e.U.UsuarioServiceApplication          : Running with Spring Boot v3.5.7, Spring v6.2.12
2025-11-27T20:06:32.997-03:00  INFO 4412 --- [usuario-service] [           main] c.e.U.UsuarioServiceApplication          : No active profile set, falling back to 1 default profile: "default"
2025-11-27T20:06:33.627-03:00  INFO 4412 --- [usuario-service] [           main] .s.d.r.c.RepositoryConfigurationDelegate : Bootstrapping Spring Data JPA repositories in DEFAULT mode.
2025-11-27T20:06:33.680-03:00  INFO 4412 --- [usuario-service] [           main] .s.d.r.c.RepositoryConfigurationDelegate : Finished Spring Data repository scanning in 46 ms. Found 6 JPA repository interfaces.
2025-11-27T20:06:34.084-03:00  INFO 4412 --- [usuario-service] [           main] o.s.b.w.embedded.tomcat.TomcatWebServer  : Tomcat initialized with port 8083 (http)
2025-11-27T20:06:34.093-03:00  INFO 4412 --- [usuario-service] [           main] o.apache.catalina.core.StandardService   : Starting service [Tomcat]
2025-11-27T20:06:34.094-03:00  INFO 4412 --- [usuario-service] [           main] o.apache.catalina.core.StandardEngine    : Starting Servlet engine: [Apache Tomcat/10.1.48]
2025-11-27T20:06:34.131-03:00  INFO 4412 --- [usuario-service] [           main] o.a.c.c.C.[Tomcat].[localhost].[/]       : Initializing Spring embedded WebApplicationContext
2025-11-27T20:06:34.132-03:00  INFO 4412 --- [usuario-service] [           main] w.s.c.ServletWebServerApplicationContext : Root WebApplicationContext: initialization completed in 1105 ms
2025-11-27T20:06:34.279-03:00  INFO 4412 --- [usuario-service] [           main] o.hibernate.jpa.internal.util.LogHelper  : HHH000204: Processing PersistenceUnitInfo [name: default]
2025-11-27T20:06:34.319-03:00  INFO 4412 --- [usuario-service] [           main] org.hibernate.Version                    : HHH000412: Hibernate ORM core version 6.6.33.Final
2025-11-27T20:06:34.340-03:00  INFO 4412 --- [usuario-service] [           main] o.h.c.internal.RegionFactoryInitiator    : HHH000026: Second-level cache disabled
2025-11-27T20:06:34.509-03:00  INFO 4412 --- [usuario-service] [           main] o.s.o.j.p.SpringPersistenceUnitInfo      : No LoadTimeWeaver setup: ignoring JPA class transformer
2025-11-27T20:06:34.528-03:00  INFO 4412 --- [usuario-service] [           main] com.zaxxer.hikari.HikariDataSource       : HikariPool-1 - Starting...
2025-11-27T20:06:34.652-03:00  INFO 4412 --- [usuario-service] [           main] com.zaxxer.hikari.pool.HikariPool        : HikariPool-1 - Added connection com.mysql.cj.jdbc.ConnectionImpl@7227926b
2025-11-27T20:06:34.654-03:00  INFO 4412 --- [usuario-service] [           main] com.zaxxer.hikari.HikariDataSource       : HikariPool-1 - Start completed.
2025-11-27T20:06:34.685-03:00  WARN 4412 --- [usuario-service] [           main] org.hibernate.orm.deprecation            : HHH90000025: MySQL8Dialect does not need to be specified explicitly using 'hibernate.dialect' (remove the property setting and it will be selected by default)
2025-11-27T20:06:34.686-03:00  WARN 4412 --- [usuario-service] [           main] org.hibernate.orm.deprecation            : HHH90000026: MySQL8Dialect has been deprecated; use org.hibernate.dialect.MySQLDialect instead
2025-11-27T20:06:34.697-03:00  INFO 4412 --- [usuario-service] [           main] org.hibernate.orm.connections.pooling    : HHH10001005: Database info:
	Database JDBC URL [Connecting through datasource 'HikariDataSource (HikariPool-1)']
	Database driver: undefined/unknown
	Database version: 8.0
	Autocommit mode: undefined/unknown
	Isolation level: undefined/unknown
	Minimum pool size: undefined/unknown
	Maximum pool size: undefined/unknown
2025-11-27T20:06:35.307-03:00  INFO 4412 --- [usuario-service] [           main] o.h.e.t.j.p.i.JtaPlatformInitiator       : HHH000489: No JTA platform available (set 'hibernate.transaction.jta.platform' to enable JTA platform integration)
2025-11-27T20:06:35.358-03:00  INFO 4412 --- [usuario-service] [           main] j.LocalContainerEntityManagerFactoryBean : Initialized JPA EntityManagerFactory for persistence unit 'default'
2025-11-27T20:06:35.581-03:00 DEBUG 4412 --- [usuario-service] [           main] c.e.U.security.JwtAuthenticationFilter   : Filter 'jwtAuthenticationFilter' configured for use
2025-11-27T20:06:35.624-03:00  INFO 4412 --- [usuario-service] [           main] eAuthenticationProviderManagerConfigurer : Global AuthenticationManager configured with AuthenticationProvider bean with name authenticationProvider
2025-11-27T20:06:35.624-03:00  WARN 4412 --- [usuario-service] [           main] r$InitializeUserDetailsManagerConfigurer : Global AuthenticationManager configured with an AuthenticationProvider bean. UserDetailsService beans will not be used by Spring Security for automatically configuring username/password login. Consider removing the AuthenticationProvider bean. Alternatively, consider using the UserDetailsService in a manually instantiated DaoAuthenticationProvider. If the current configuration is intentional, to turn off this warning, increase the logging level of 'org.springframework.security.config.annotation.authentication.configuration.InitializeUserDetailsBeanManagerConfigurer' to ERROR
2025-11-27T20:06:35.954-03:00  INFO 4412 --- [usuario-service] [           main] o.s.b.a.e.web.EndpointLinksResolver      : Exposing 1 endpoint beneath base path '/actuator'
2025-11-27T20:06:36.057-03:00 DEBUG 4412 --- [usuario-service] [           main] o.s.s.web.DefaultSecurityFilterChain     : Will secure any request with filters: DisableEncodeUrlFilter, WebAsyncManagerIntegrationFilter, SecurityContextHolderFilter, HeaderWriterFilter, CorsFilter, LogoutFilter, JwtAuthenticationFilter, RequestCacheAwareFilter, SecurityContextHolderAwareRequestFilter, AnonymousAuthenticationFilter, SessionManagementFilter, ExceptionTranslationFilter, AuthorizationFilter
2025-11-27T20:06:36.298-03:00  INFO 4412 --- [usuario-service] [           main] o.s.b.w.embedded.tomcat.TomcatWebServer  : Tomcat started on port 8083 (http) with context path '/'
2025-11-27T20:06:36.307-03:00  INFO 4412 --- [usuario-service] [           main] c.e.U.UsuarioServiceApplication          : Started UsuarioServiceApplication in 3.605 seconds (process running for 3.842)
2025-11-27T20:06:36.589-03:00 DEBUG 4412 --- [usuario-service] [           main] org.hibernate.SQL                        : 
    select
        count(*) 
    from
        rol r1_0
Hibernate: 
    select
        count(*) 
    from
        rol r1_0
2025-11-27T20:06:36.599-03:00  INFO 4412 --- [usuario-service] [           main] c.e.UsuarioService.config.LoadDatabase   : Base de datos ya contiene datos. Omitiendo precarga.
