[INFO] Scanning for projects...
[INFO] 
[INFO] ---------------------< com.example:UsuarioService >---------------------
[INFO] Building UsuarioService 0.0.1-SNAPSHOT
[INFO]   from pom.xml
[INFO] --------------------------------[ jar ]---------------------------------
[INFO] 
[INFO] >>> spring-boot:3.5.7:run (default-cli) > test-compile @ UsuarioService >>>
[INFO] 
[INFO] --- resources:3.3.1:resources (default-resources) @ UsuarioService ---
[INFO] Copying 1 resource from src\main\resources to target\classes
[INFO] Copying 1 resource from src\main\resources to target\classes
[INFO] 
[INFO] --- compiler:3.14.1:compile (default-compile) @ UsuarioService ---
[INFO] Recompiling the module because of added or removed source files.
[INFO] Compiling 30 source files with javac [debug parameters release 21] to target\classes
[WARNING] /C:/Users/Carlos/Desktop/FULLSTACK2MICROSERVICIOS/UsuarioService/src/main/java/com/example/UsuarioService/dto/LoginResponse.java:[16,20] @Builder will ignore the initializing expression entirely. If you want the initializing expression to serve as default, add @Builder.Default. If it is not supposed to be settable during building, make the field final.
[INFO] /C:/Users/Carlos/Desktop/FULLSTACK2MICROSERVICIOS/UsuarioService/src/main/java/com/example/UsuarioService/security/SecurityConfig.java: C:\Users\Carlos\Desktop\FULLSTACK2MICROSERVICIOS\UsuarioService\src\main\java\com\example\UsuarioService\security\SecurityConfig.java uses or overrides a deprecated API.
[INFO] /C:/Users/Carlos/Desktop/FULLSTACK2MICROSERVICIOS/UsuarioService/src/main/java/com/example/UsuarioService/security/SecurityConfig.java: Recompile with -Xlint:deprecation for details.
[INFO] 
[INFO] --- resources:3.3.1:testResources (default-testResources) @ UsuarioService ---
[INFO] skip non existing resourceDirectory C:\Users\Carlos\Desktop\FULLSTACK2MICROSERVICIOS\UsuarioService\src\test\resources
[INFO] 
[INFO] --- compiler:3.14.1:testCompile (default-testCompile) @ UsuarioService ---
[INFO] Recompiling the module because of changed dependency.
[INFO] Compiling 1 source file with javac [debug parameters release 21] to target\test-classes
[INFO] 
[INFO] <<< spring-boot:3.5.7:run (default-cli) < test-compile @ UsuarioService <<<
[INFO] 
[INFO] 
[INFO] --- spring-boot:3.5.7:run (default-cli) @ UsuarioService ---
[INFO] Attaching agents: []

  .   ____          _            __ _ _
 /\\ / ___'_ __ _ _(_)_ __  __ _ \ \ \ \
( ( )\___ | '_ | '_| | '_ \/ _` | \ \ \ \
 \\/  ___)| |_)| | | | | || (_| |  ) ) ) )
  '  |____| .__|_| |_|_| |_\__, | / / / /
 =========|_|==============|___/=/_/_/_/

 :: Spring Boot ::                (v3.5.7)

2025-11-27T19:54:44.421-03:00  INFO 38916 --- [usuario-service] [           main] c.e.U.UsuarioServiceApplication          : Starting UsuarioServiceApplication using Java 21.0.8 with PID 38916 (C:\Users\Carlos\Desktop\FULLSTACK2MICROSERVICIOS\UsuarioService\target\classes started by Carlos in C:\Users\Carlos\Desktop\FULLSTACK2MICROSERVICIOS\UsuarioService)
2025-11-27T19:54:44.422-03:00 DEBUG 38916 --- [usuario-service] [           main] c.e.U.UsuarioServiceApplication          : Running with Spring Boot v3.5.7, Spring v6.2.12
2025-11-27T19:54:44.423-03:00  INFO 38916 --- [usuario-service] [           main] c.e.U.UsuarioServiceApplication          : No active profile set, falling back to 1 default profile: "default"
2025-11-27T19:54:45.072-03:00  INFO 38916 --- [usuario-service] [           main] .s.d.r.c.RepositoryConfigurationDelegate : Bootstrapping Spring Data JPA repositories in DEFAULT mode.
2025-11-27T19:54:45.118-03:00  INFO 38916 --- [usuario-service] [           main] .s.d.r.c.RepositoryConfigurationDelegate : Finished Spring Data repository scanning in 39 ms. Found 6 JPA repository interfaces.
2025-11-27T19:54:45.496-03:00  INFO 38916 --- [usuario-service] [           main] o.s.b.w.embedded.tomcat.TomcatWebServer  : Tomcat initialized with port 8083 (http)
2025-11-27T19:54:45.504-03:00  INFO 38916 --- [usuario-service] [           main] o.apache.catalina.core.StandardService   : Starting service [Tomcat]
2025-11-27T19:54:45.504-03:00  INFO 38916 --- [usuario-service] [           main] o.apache.catalina.core.StandardEngine    : Starting Servlet engine: [Apache Tomcat/10.1.48]
2025-11-27T19:54:45.541-03:00  INFO 38916 --- [usuario-service] [           main] o.a.c.c.C.[Tomcat].[localhost].[/]       : Initializing Spring embedded WebApplicationContext
2025-11-27T19:54:45.542-03:00  INFO 38916 --- [usuario-service] [           main] w.s.c.ServletWebServerApplicationContext : Root WebApplicationContext: initialization completed in 1088 ms
2025-11-27T19:54:45.685-03:00  INFO 38916 --- [usuario-service] [           main] o.hibernate.jpa.internal.util.LogHelper  : HHH000204: Processing PersistenceUnitInfo [name: default]
2025-11-27T19:54:45.717-03:00  INFO 38916 --- [usuario-service] [           main] org.hibernate.Version                    : HHH000412: Hibernate ORM core version 6.6.33.Final
2025-11-27T19:54:45.738-03:00  INFO 38916 --- [usuario-service] [           main] o.h.c.internal.RegionFactoryInitiator    : HHH000026: Second-level cache disabled
2025-11-27T19:54:45.904-03:00  INFO 38916 --- [usuario-service] [           main] o.s.o.j.p.SpringPersistenceUnitInfo      : No LoadTimeWeaver setup: ignoring JPA class transformer
2025-11-27T19:54:45.924-03:00  INFO 38916 --- [usuario-service] [           main] com.zaxxer.hikari.HikariDataSource       : HikariPool-1 - Starting...
2025-11-27T19:54:46.047-03:00  INFO 38916 --- [usuario-service] [           main] com.zaxxer.hikari.pool.HikariPool        : HikariPool-1 - Added connection com.mysql.cj.jdbc.ConnectionImpl@7c47e077
2025-11-27T19:54:46.049-03:00  INFO 38916 --- [usuario-service] [           main] com.zaxxer.hikari.HikariDataSource       : HikariPool-1 - Start completed.
2025-11-27T19:54:46.078-03:00  WARN 38916 --- [usuario-service] [           main] org.hibernate.orm.deprecation            : HHH90000025: MySQL8Dialect does not need to be specified explicitly using 'hibernate.dialect' (remove the property setting and it will be selected by default)
2025-11-27T19:54:46.079-03:00  WARN 38916 --- [usuario-service] [           main] org.hibernate.orm.deprecation            : HHH90000026: MySQL8Dialect has been deprecated; use org.hibernate.dialect.MySQLDialect instead
2025-11-27T19:54:46.090-03:00  INFO 38916 --- [usuario-service] [           main] org.hibernate.orm.connections.pooling    : HHH10001005: Database info:
	Database JDBC URL [Connecting through datasource 'HikariDataSource (HikariPool-1)']
	Database driver: undefined/unknown
	Database version: 8.0
	Autocommit mode: undefined/unknown
	Isolation level: undefined/unknown
	Minimum pool size: undefined/unknown
	Maximum pool size: undefined/unknown
2025-11-27T19:54:46.744-03:00  INFO 38916 --- [usuario-service] [           main] o.h.e.t.j.p.i.JtaPlatformInitiator       : HHH000489: No JTA platform available (set 'hibernate.transaction.jta.platform' to enable JTA platform integration)
2025-11-27T19:54:46.778-03:00 DEBUG 38916 --- [usuario-service] [           main] org.hibernate.SQL                        : 
    create table contactos (
        id bigint not null auto_increment,
        comentario TEXT not null,
        correo varchar(255) not null,
        fecha datetime(6),
        nombre varchar(255) not null,
        primary key (id)
    ) engine=InnoDB
Hibernate: 
    create table contactos (
        id bigint not null auto_increment,
        comentario TEXT not null,
        correo varchar(255) not null,
        fecha datetime(6),
        nombre varchar(255) not null,
        primary key (id)
    ) engine=InnoDB
2025-11-27T19:54:46.838-03:00  INFO 38916 --- [usuario-service] [           main] j.LocalContainerEntityManagerFactoryBean : Initialized JPA EntityManagerFactory for persistence unit 'default'
2025-11-27T19:54:47.052-03:00 DEBUG 38916 --- [usuario-service] [           main] c.e.U.security.JwtAuthenticationFilter   : Filter 'jwtAuthenticationFilter' configured for use
2025-11-27T19:54:47.097-03:00  INFO 38916 --- [usuario-service] [           main] eAuthenticationProviderManagerConfigurer : Global AuthenticationManager configured with AuthenticationProvider bean with name authenticationProvider
2025-11-27T19:54:47.097-03:00  WARN 38916 --- [usuario-service] [           main] r$InitializeUserDetailsManagerConfigurer : Global AuthenticationManager configured with an AuthenticationProvider bean. UserDetailsService beans will not be used by Spring Security for automatically configuring username/password login. Consider removing the AuthenticationProvider bean. Alternatively, consider using the UserDetailsService in a manually instantiated DaoAuthenticationProvider. If the current configuration is intentional, to turn off this warning, increase the logging level of 'org.springframework.security.config.annotation.authentication.configuration.InitializeUserDetailsBeanManagerConfigurer' to ERROR
2025-11-27T19:54:47.424-03:00  INFO 38916 --- [usuario-service] [           main] o.s.b.a.e.web.EndpointLinksResolver      : Exposing 1 endpoint beneath base path '/actuator'
2025-11-27T19:54:47.525-03:00 DEBUG 38916 --- [usuario-service] [           main] o.s.s.web.DefaultSecurityFilterChain     : Will secure any request with filters: DisableEncodeUrlFilter, WebAsyncManagerIntegrationFilter, SecurityContextHolderFilter, HeaderWriterFilter, CorsFilter, LogoutFilter, JwtAuthenticationFilter, RequestCacheAwareFilter, SecurityContextHolderAwareRequestFilter, AnonymousAuthenticationFilter, SessionManagementFilter, ExceptionTranslationFilter, AuthorizationFilter
2025-11-27T19:54:47.738-03:00  WARN 38916 --- [usuario-service] [           main] ConfigServletWebServerApplicationContext : Exception encountered during context initialization - cancelling refresh attempt: org.springframework.context.ApplicationContextException: Failed to start bean 'webServerStartStop'
2025-11-27T19:54:47.740-03:00  INFO 38916 --- [usuario-service] [           main] j.LocalContainerEntityManagerFactoryBean : Closing JPA EntityManagerFactory for persistence unit 'default'
2025-11-27T19:54:47.741-03:00  INFO 38916 --- [usuario-service] [           main] com.zaxxer.hikari.HikariDataSource       : HikariPool-1 - Shutdown initiated...
2025-11-27T19:54:47.746-03:00  INFO 38916 --- [usuario-service] [           main] com.zaxxer.hikari.HikariDataSource       : HikariPool-1 - Shutdown completed.
2025-11-27T19:54:47.758-03:00  INFO 38916 --- [usuario-service] [           main] .s.b.a.l.ConditionEvaluationReportLogger : 

Error starting ApplicationContext. To display the condition evaluation report re-run your application with 'debug' enabled.
2025-11-27T19:54:47.769-03:00 ERROR 38916 --- [usuario-service] [           main] o.s.b.d.LoggingFailureAnalysisReporter   : 

***************************
APPLICATION FAILED TO START
***************************

Description:

Web server failed to start. Port 8083 was already in use.

Action:

Identify and stop the process that's listening on port 8083 or configure this application to listen on another port.

[INFO] ------------------------------------------------------------------------
[INFO] BUILD FAILURE
[INFO] ------------------------------------------------------------------------
[INFO] Total time:  8.544 s
[INFO] Finished at: 2025-11-27T19:54:47-03:00
[INFO] ------------------------------------------------------------------------
[ERROR] Failed to execute goal org.springframework.boot:spring-boot-maven-plugin:3.5.7:run (default-cli) on project UsuarioService: Process terminated with exit code: 1 -> [Help 1]
[ERROR] 
[ERROR] To see the full stack trace of the errors, re-run Maven with the -e switch.
[ERROR] Re-run Maven using the -X switch to enable full debug logging.
[ERROR] 
[ERROR] For more information about the errors and possible solutions, please read the following articles:
[ERROR] [Help 1] http://cwiki.apache.org/confluence/display/MAVEN/MojoExecutionException
